#
# There is insufficient memory for the Java Runtime Environment to continue.
# Native memory allocation (malloc) failed to allocate 32744 bytes for ChunkPool::allocate
# Possible reasons:
#   The system is out of physical RAM or swap space
#   The process is running with CompressedOops enabled, and the Java Heap may be blocking the growth of the native heap
# Possible solutions:
#   Reduce memory load on the system
#   Increase physical memory or swap space
#   Check if swap backing store is full
#   Decrease Java heap size (-Xmx/-Xms)
#   Decrease number of Java threads
#   Decrease Java thread stack sizes (-Xss)
#   Set larger code cache with -XX:ReservedCodeCacheSize=
#   JVM is running with Zero Based Compressed Oops mode in which the Java heap is
#     placed in the first 32GB address space. The Java Heap base address is the
#     maximum limit for the native heap growth. Please use -XX:HeapBaseMinAddress
#     to set the Java Heap base and to place the Java Heap above 32GB virtual address.
# This output file may be truncated or incomplete.
#
#  Out of Memory Error (allocation.cpp:272), pid=13928, tid=0x0000000000004c74
#
# JRE version: OpenJDK Runtime Environment (8.0_242-b01) (build 1.8.0_242-release-1644-b01)
# Java VM: OpenJDK 64-Bit Server VM (25.242-b01 mixed mode windows-amd64 compressed oops)
# Failed to write core dump. Minidumps are not enabled by default on client versions of Windows
#

---------------  T H R E A D  ---------------

Current thread (0x000000001a2fe000):  JavaThread "C1 CompilerThread2" daemon [_thread_in_native, id=19572, stack(0x000000001bb40000,0x000000001bc40000)]

Stack: [0x000000001bb40000,0x000000001bc40000]
[error occurred during error reporting (printing stack bounds), id 0xc0000005]

Native frames: (J=compiled Java code, j=interpreted, Vv=VM code, C=native code)


Current CompileTask:
C1:    378  244       3       jdk.internal.org.objectweb.asm.Frame::execute (2252 bytes)


---------------  P R O C E S S  ---------------

Java Threads: ( => current thread )
  0x000000001bc85000 JavaThread "Service Thread" daemon [_thread_blocked, id=10060, stack(0x000000001c040000,0x000000001c140000)]
=>0x000000001a2fe000 JavaThread "C1 CompilerThread2" daemon [_thread_in_native, id=19572, stack(0x000000001bb40000,0x000000001bc40000)]
  0x000000001a2ee800 JavaThread "C2 CompilerThread1" daemon [_thread_in_native, id=13820, stack(0x000000001ba40000,0x000000001bb40000)]
  0x000000001a2eb000 JavaThread "C2 CompilerThread0" daemon [_thread_blocked, id=18888, stack(0x000000001b940000,0x000000001ba40000)]
  0x000000001a2e9800 JavaThread "Attach Listener" daemon [_thread_blocked, id=15572, stack(0x000000001b840000,0x000000001b940000)]
  0x000000001a2e7000 JavaThread "Signal Dispatcher" daemon [_thread_blocked, id=18276, stack(0x000000001b740000,0x000000001b840000)]
  0x000000000328d000 JavaThread "Finalizer" daemon [_thread_blocked, id=20492, stack(0x000000001b540000,0x000000001b640000)]
  0x000000001a2c9000 JavaThread "Reference Handler" daemon [_thread_blocked, id=15896, stack(0x000000001b440000,0x000000001b540000)]
  0x0000000003192800 JavaThread "main" [_thread_in_vm, id=21432, stack(0x0000000002fa0000,0x00000000030a0000)]

Other Threads:
  0x000000001a2a7000 VMThread [stack: 0x000000001b340000,0x000000001b440000] [id=20644]
  0x000000001bc85800 WatcherThread [stack: 0x000000001c140000,0x000000001c240000] [id=20052]

VM state:not at safepoint (normal execution)

VM Mutex/Monitor currently owned by a thread: None

heap address: 0x0000000702000000, size: 3040 MB, Compressed Oops mode: Zero based, Oop shift amount: 3
Narrow klass base: 0x0000000000000000, Narrow klass shift: 3
Compressed class space size: 1073741824 Address: 0x00000007c0000000

Heap:
 PSYoungGen      total 56832K, used 6915K [0x0000000780b00000, 0x0000000784a00000, 0x00000007c0000000)
  eden space 49152K, 14% used [0x0000000780b00000,0x00000007811c0c30,0x0000000783b00000)
  from space 7680K, 0% used [0x0000000784280000,0x0000000784280000,0x0000000784a00000)
  to   space 7680K, 0% used [0x0000000783b00000,0x0000000783b00000,0x0000000784280000)
 ParOldGen       total 130048K, used 0K [0x0000000702000000, 0x0000000709f00000, 0x0000000780b00000)
  object space 130048K, 0% used [0x0000000702000000,0x0000000702000000,0x0000000709f00000)
 Metaspace       used 4716K, capacity 4912K, committed 5248K, reserved 1056768K
  class space    used 504K, capacity 552K, committed 640K, reserved 1048576K

Card table byte_map: [0x0000000012650000,0x0000000012c50000] byte_map_base: 0x000000000ee40000

Marking Bits: (ParMarkBitMap*) 0x0000000066fdf030
 Begin Bits: [0x0000000013450000, 0x00000000163d0000)
 End Bits:   [0x00000000163d0000, 0x0000000019350000)

Polling page: 0x0000000001280000

CodeCache: size=245760Kb used=1545Kb max_used=1556Kb free=244214Kb
 bounds [0x0000000003290000, 0x0000000003500000, 0x0000000012290000]
 total_blobs=539 nmethods=254 adapters=199
 compilation: enabled

Compilation events (10 events):
Event: 0.369 Thread 0x000000001a2fe000 nmethod 237 0x000000000340b710 code [0x000000000340b880, 0x000000000340baa8]
Event: 0.370 Thread 0x000000001a2fe000  238       3       java.util.AbstractList$Itr::hasNext (20 bytes)
Event: 0.370 Thread 0x000000001a2fe000 nmethod 238 0x000000000340bb50 code [0x000000000340bcc0, 0x000000000340bf48]
Event: 0.370 Thread 0x000000001a2fe000  239       3       jdk.internal.org.objectweb.asm.Type::getArgumentsAndReturnSizes (151 bytes)
Event: 0.371 Thread 0x000000001a2fe000 nmethod 239 0x000000000340c490 code [0x000000000340c6c0, 0x000000000340d458]
Event: 0.371 Thread 0x000000001a2fe000  240       3       java.lang.invoke.InvokerBytecodeGenerator::isStaticallyNameable (116 bytes)
Event: 0.373 Thread 0x000000001a2fe000 nmethod 240 0x000000000340de10 code [0x000000000340e180, 0x00000000034102b8]
Event: 0.373 Thread 0x000000001a2fe000  244       3       jdk.internal.org.objectweb.asm.Frame::execute (2252 bytes)
Event: 0.373 Thread 0x000000001a2eb000  254       4       java.lang.AbstractStringBuilder::ensureCapacityInternal (27 bytes)
Event: 0.374 Thread 0x000000001a2ee800  257       4       jdk.internal.org.objectweb.asm.ByteVector::putUTF8 (142 bytes)

GC Heap History (0 events):
No events

Deoptimization events (0 events):
No events

Classes redefined (0 events):
No events

Internal exceptions (9 events):
Event: 0.081 Thread 0x0000000003192800 Exception <a 'java/lang/NoSuchMethodError': Method sun.misc.Unsafe.defineClass(Ljava/lang/String;[BII)Ljava/lang/Class; name or signature does not match> (0x0000000780b07cc8) thrown at [C:\src\AOSP-openjdk-git\hotspot\src\share\vm\prims\jni.cpp, line 4013
Event: 0.081 Thread 0x0000000003192800 Exception <a 'java/lang/NoSuchMethodError': Method sun.misc.Unsafe.prefetchRead(Ljava/lang/Object;J)V name or signature does not match> (0x0000000780b07fb0) thrown at [C:\src\AOSP-openjdk-git\hotspot\src\share\vm\prims\jni.cpp, line 4013]
Event: 0.293 Thread 0x0000000003192800 Exception <a 'java/security/PrivilegedActionException'> (0x0000000780fb8c10) thrown at [C:\src\AOSP-openjdk-git\hotspot\src\share\vm\prims\jvm.cpp, line 1502]
Event: 0.293 Thread 0x0000000003192800 Exception <a 'java/security/PrivilegedActionException'> (0x0000000780fb9008) thrown at [C:\src\AOSP-openjdk-git\hotspot\src\share\vm\prims\jvm.cpp, line 1502]
Event: 0.294 Thread 0x0000000003192800 Exception <a 'java/security/PrivilegedActionException'> (0x0000000780fbcfe0) thrown at [C:\src\AOSP-openjdk-git\hotspot\src\share\vm\prims\jvm.cpp, line 1502]
Event: 0.294 Thread 0x0000000003192800 Exception <a 'java/security/PrivilegedActionException'> (0x0000000780fbd3d8) thrown at [C:\src\AOSP-openjdk-git\hotspot\src\share\vm\prims\jvm.cpp, line 1502]
Event: 0.294 Thread 0x0000000003192800 Exception <a 'java/security/PrivilegedActionException'> (0x0000000780fbece0) thrown at [C:\src\AOSP-openjdk-git\hotspot\src\share\vm\prims\jvm.cpp, line 1502]
Event: 0.294 Thread 0x0000000003192800 Exception <a 'java/security/PrivilegedActionException'> (0x0000000780fbf0d8) thrown at [C:\src\AOSP-openjdk-git\hotspot\src\share\vm\prims\jvm.cpp, line 1502]
Event: 0.375 Thread 0x0000000003192800 Exception <a 'java/lang/NoSuchFieldError': method resolution failed> (0x00000007810b5538) thrown at [C:\src\AOSP-openjdk-git\hotspot\src\share\vm\prims\methodHandles.cpp, line 1167]

Events (10 events):
Event: 0.359 loading class java/lang/invoke/DelegatingMethodHandle done
Event: 0.359 loading class java/lang/invoke/MethodHandleImpl$AsVarargsCollector done
Event: 0.359 loading class java/lang/invoke/WrongMethodTypeException
Event: 0.359 loading class java/lang/invoke/WrongMethodTypeException done
Event: 0.361 loading class java/lang/invoke/MethodHandleImpl$Lazy
Event: 0.362 loading class java/lang/invoke/MethodHandleImpl$Lazy done
Event: 0.362 loading class java/lang/invoke/MethodHandleImpl$IntrinsicMethodHandle
Event: 0.362 loading class java/lang/invoke/MethodHandleImpl$IntrinsicMethodHandle done
Event: 0.374 loading class java/lang/NoSuchFieldError
Event: 0.375 loading class java/lang/NoSuchFieldError done


Dynamic libraries:
0x00007ff749490000 - 0x00007ff7494c1000 	C:\Program Files\Android\Android Studio\jre\jre\bin\java.exe
0x00007ffcd01a0000 - 0x00007ffcd0390000 	C:\Windows\SYSTEM32\ntdll.dll
0x00007ffccf060000 - 0x00007ffccf112000 	C:\Windows\System32\KERNEL32.DLL
0x00007ffccd4a0000 - 0x00007ffccd745000 	C:\Windows\System32\KERNELBASE.dll
0x00007ffccecc0000 - 0x00007ffcced63000 	C:\Windows\System32\ADVAPI32.dll
0x00007ffcce620000 - 0x00007ffcce6be000 	C:\Windows\System32\msvcrt.dll
0x00007ffccfaf0000 - 0x00007ffccfb87000 	C:\Windows\System32\sechost.dll
0x00007ffcceba0000 - 0x00007ffccecbf000 	C:\Windows\System32\RPCRT4.dll
0x00007ffcce280000 - 0x00007ffcce414000 	C:\Windows\System32\USER32.dll
0x00007ffccd470000 - 0x00007ffccd491000 	C:\Windows\System32\win32u.dll
0x00007ffcce250000 - 0x00007ffcce276000 	C:\Windows\System32\GDI32.dll
0x00007ffccd2a0000 - 0x00007ffccd438000 	C:\Windows\System32\gdi32full.dll
0x00007ffccda30000 - 0x00007ffccdace000 	C:\Windows\System32\msvcp_win.dll
0x00007ffccd930000 - 0x00007ffccda2a000 	C:\Windows\System32\ucrtbase.dll
0x00007ffcb1070000 - 0x00007ffcb12f4000 	C:\Windows\WinSxS\amd64_microsoft.windows.common-controls_6595b64144ccf1df_6.0.18362.1316_none_9e7a364fe461dbd7\COMCTL32.dll
0x00007ffcce6c0000 - 0x00007ffcce9f7000 	C:\Windows\System32\combase.dll
0x00007ffccd750000 - 0x00007ffccd7d1000 	C:\Windows\System32\bcryptPrimitives.dll
0x00007ffccf120000 - 0x00007ffccf14e000 	C:\Windows\System32\IMM32.DLL
0x0000000063170000 - 0x0000000063242000 	C:\Program Files\Android\Android Studio\jre\jre\bin\msvcr100.dll
0x0000000066810000 - 0x000000006705b000 	C:\Program Files\Android\Android Studio\jre\jre\bin\server\jvm.dll
0x00007ffcce5b0000 - 0x00007ffcce5b8000 	C:\Windows\System32\PSAPI.DLL
0x00007ffccaa60000 - 0x00007ffccaa84000 	C:\Windows\SYSTEM32\WINMM.dll
0x00007ffcbaeb0000 - 0x00007ffcbaeba000 	C:\Windows\SYSTEM32\VERSION.dll
0x00007ffcbb2b0000 - 0x00007ffcbb2b9000 	C:\Windows\SYSTEM32\WSOCK32.dll
0x00007ffcceaa0000 - 0x00007ffcceb0f000 	C:\Windows\System32\WS2_32.dll
0x00007ffccaa30000 - 0x00007ffccaa5d000 	C:\Windows\SYSTEM32\WINMMBASE.dll
0x00007ffccd120000 - 0x00007ffccd16a000 	C:\Windows\System32\cfgmgr32.dll
0x00007ffcca7a0000 - 0x00007ffcca7af000 	C:\Program Files\Android\Android Studio\jre\jre\bin\verify.dll
0x00007ffcc7d60000 - 0x00007ffcc7d89000 	C:\Program Files\Android\Android Studio\jre\jre\bin\java.dll
0x00007ffcc7e20000 - 0x00007ffcc7e36000 	C:\Program Files\Android\Android Studio\jre\jre\bin\zip.dll
0x00007ffccf330000 - 0x00007ffccfa18000 	C:\Windows\System32\SHELL32.dll
0x00007ffccfb90000 - 0x00007ffccfc37000 	C:\Windows\System32\shcore.dll
0x00007ffccdad0000 - 0x00007ffcce24b000 	C:\Windows\System32\windows.storage.dll
0x00007ffccd0a0000 - 0x00007ffccd0c3000 	C:\Windows\System32\profapi.dll
0x00007ffccd0d0000 - 0x00007ffccd11a000 	C:\Windows\System32\powrprof.dll
0x00007ffccd050000 - 0x00007ffccd060000 	C:\Windows\System32\UMPDC.dll
0x00007ffcce5c0000 - 0x00007ffcce612000 	C:\Windows\System32\shlwapi.dll
0x00007ffccd060000 - 0x00007ffccd071000 	C:\Windows\System32\kernel.appcore.dll
0x00007ffccd1d0000 - 0x00007ffccd1e7000 	C:\Windows\System32\cryptsp.dll

VM Arguments:
java_command: org.jetbrains.git4idea.http.GitAskPassApp Username for 'https://github.com': 
java_class_path (initial): C:/Program Files/Android/Android Studio/plugins/git4idea/lib/git4idea-rt.jar;C:/Program Files/Android/Android Studio/lib/xmlrpc-2.0.1.jar;C:/Program Files/Android/Android Studio/lib/commons-codec-1.14.jar;C:/Program Files/Android/Android Studio/lib/util.jar
Launcher Type: SUN_STANDARD

Environment Variables:
JAVA_HOME=C:\Program Files\Java\jdk1.8.0_25
PATH=C:\Program Files\Git\mingw64\libexec\git-core;C:\Program Files\Git\mingw64\libexec\git-core;C:\Program Files\Git\mingw64\bin;C:\Program Files\Git\usr\bin;C:\Users\Soheil_Pc\bin;C:\ProgramData\Oracle\Java\javapath;C:\Windows\system32;C:\Windows;C:\Windows\System32\Wbem;C:\Windows\System32\WindowsPowerShell\v1.0;C:\Windows\System32\OpenSSH;C:\Program Files (x86)\NVIDIA Corporation\PhysX\Common;C:\Program Files\Polyspace\R2019b\runtime\win64;C:\Program Files\Polyspace\R2019b\bin;C:\Program Files\Polyspace\R2019b\polyspace\bin;C:\Users\Soheil_Pc\AppData\Local\Android\android-sdk\platform-tools;C:\Users\Soheil_Pc\AppData\Local\Android\android-sdk\tools;C:\Users\Soheil_Pc\AppData\Roaming\Microsoft\Windows\Start Menu\Programs\Anaconda3 (64-bit);C:\Program Files\Microsoft SQL Server\Client SDK\ODBC\170\Tools\Binn;C:\Program Files (x86)\Microsoft SQL Server\150\Tools\Binn;C:\Program Files\Microsoft SQL Server\150\Tools\Binn;C:\Program Files\Microsoft SQL Server\150\DTS\Binn;C:\Program Files (x86)\Microsoft SQL Server\150\DTS\Binn;C:\Program Files\Git\cmd;C:\Users\Soheil_Pc\AppData\Local\Microsoft\WindowsApps;E:\win64;C:\modeltech64_10.7\win64;C:\modeltech64_10.6d\win64;C:\Users\Soheil_Pc\AppData\Local\Programs\Microsoft VS Code\bin;C:\Users\Soheil_Pc\AppData\Roaming\Microsoft\Windows\Start Menu\Programs\Anaconda3 (64-bit);C:\modeltech64_10.6d\modelsim.ini;F:\GnuWin32\bin;C:\MinGW\bin;C:\Users\Soheil_Pc\AppData\Local\atom\bin;C:\MinGW\bin
USERNAME=Soheil_Pc
DISPLAY=:0.0
OS=Windows_NT
PROCESSOR_IDENTIFIER=Intel64 Family 6 Model 78 Stepping 3, GenuineIntel



---------------  S Y S T E M  ---------------

OS: Windows 10.0 , 64 bit Build 18362 (10.0.18362.1316)

CPU:total 4 (initial active 4) (2 cores per cpu, 2 threads per core) family 6 model 78 stepping 3, cmov, cx8, fxsr, mmx, sse, sse2, sse3, ssse3, sse4.1, sse4.2, popcnt, avx, avx2, aes, clmul, erms, 3dnowpref, lzcnt, ht, tsc, tscinvbit, bmi1, bmi2, adx

Memory: 4k page, physical 12443756k(849232k free), swap 44864744k(3144k free)

vm_info: OpenJDK 64-Bit Server VM (25.242-b01) for windows-amd64 JRE (1.8.0_242-release-1644-b01), built by "builder" with MS VC++ 10.0 (VS2010)

time: Tue Feb 02 19:22:39 2021
timezone: Iran Standard Time
elapsed time: 0 seconds (0d 0h 0m 0s)

